2026-04-04 14:31:48,409 | INFO | JobAgent.database | ✅ 数据库连接池创建成功: boss_zhipin
2026-04-04 14:31:48,409 | INFO | JobAgent.database | loading embedding model: nomic-embed-text-v2-moe
2026-04-04 14:31:49,130 | INFO | JobAgent.database | embedding model loaded: nomic-embed-text-v2-moe
2026-04-04 14:31:49,157 | INFO | JobAgent.database | database schema and indexes ready
2026-04-04 14:31:53,100 | INFO | JobAgent.tools | loading reranker model from ./models/bge-reranker-v2-m3
2026-04-04 14:31:54,688 | INFO | JobAgent.tools | reranker model loaded
2026-04-04 14:31:56,747 | INFO | JobAgent.main | application starting
2026-04-04 14:31:56,748 | INFO | JobAgent.resume_task_queue | resume task worker started
2026-04-04 14:31:56,759 | INFO | JobAgent.redis_client | redis connected: redis://localhost:6379/0
2026-04-04 16:01:40,160 | WARNING | JobAgent.resume_task_queue | resume worker redis consume failed, fallback to local queue
Traceback (most recent call last):
  File "D:\Anaconda3\envs\find_a_good_job\Lib\site-packages\redis\_parsers\hiredis.py", line 111, in read_from_socket
    bufflen = self._sock.recv_into(self._buffer)
              ^^^^^^^^^^^^^^^^^^^^^^^^^^^^^^^^^^
TimeoutError: timed out

During handling of the above exception, another exception occurred:

Traceback (most recent call last):
  File "D:\Anaconda3\envs\find_a_good_job\Lib\site-packages\redis\connection.py", line 1342, in read_response
    response = self._parser.read_response(disable_decoding=disable_decoding)
               ^^^^^^^^^^^^^^^^^^^^^^^^^^^^^^^^^^^^^^^^^^^^^^^^^^^^^^^^^^^^^
  File "D:\Anaconda3\envs\find_a_good_job\Lib\site-packages\redis\_parsers\hiredis.py", line 164, in read_response
    self.read_from_socket()
  File "D:\Anaconda3\envs\find_a_good_job\Lib\site-packages\redis\_parsers\hiredis.py", line 120, in read_from_socket
    raise TimeoutError("Timeout reading from socket")
TimeoutError: Timeout reading from socket

During handling of the above exception, another exception occurred:

Traceback (most recent call last):
  File "D:\PythonProject\find_a_good_job\backend\utils\resume_task_queue.py", line 94, in _pop_task
    item = client.brpop(_QUEUE_KEY, timeout=1)
           ^^^^^^^^^^^^^^^^^^^^^^^^^^^^^^^^^^^
  File "D:\Anaconda3\envs\find_a_good_job\Lib\site-packages\redis\commands\core.py", line 2942, in brpop
    return self.execute_command("BRPOP", *keys)
           ^^^^^^^^^^^^^^^^^^^^^^^^^^^^^^^^^^^^
  File "D:\Anaconda3\envs\find_a_good_job\Lib\site-packages\redis\client.py", line 716, in execute_command
    return self._execute_command(*args, **options)
           ^^^^^^^^^^^^^^^^^^^^^^^^^^^^^^^^^^^^^^^
  File "D:\Anaconda3\envs\find_a_good_job\Lib\site-packages\redis\client.py", line 736, in _execute_command
    result = conn.retry.call_with_retry(
             ^^^^^^^^^^^^^^^^^^^^^^^^^^^
  File "D:\Anaconda3\envs\find_a_good_job\Lib\site-packages\redis\retry.py", line 132, in call_with_retry
    raise error
  File "D:\Anaconda3\envs\find_a_good_job\Lib\site-packages\redis\retry.py", line 120, in call_with_retry
    return do()
           ^^^^
  File "D:\Anaconda3\envs\find_a_good_job\Lib\site-packages\redis\client.py", line 737, in <lambda>
    lambda: self._send_command_parse_response(
            ^^^^^^^^^^^^^^^^^^^^^^^^^^^^^^^^^^
  File "D:\Anaconda3\envs\find_a_good_job\Lib\site-packages\redis\client.py", line 682, in _send_command_parse_response
    return self.parse_response(conn, command_name, **options)
           ^^^^^^^^^^^^^^^^^^^^^^^^^^^^^^^^^^^^^^^^^^^^^^^^^^
  File "D:\Anaconda3\envs\find_a_good_job\Lib\site-packages\redis\client.py", line 780, in parse_response
    response = connection.read_response()
               ^^^^^^^^^^^^^^^^^^^^^^^^^^
  File "D:\Anaconda3\envs\find_a_good_job\Lib\site-packages\redis\connection.py", line 1346, in read_response
    raise TimeoutError(f"Timeout reading from {host_error}")
redis.exceptions.TimeoutError: Timeout reading from localhost:6379
2026-04-04 16:01:42,589 | WARNING | JobAgent.resume_task_queue | resume worker redis consume failed, fallback to local queue
Traceback (most recent call last):
  File "D:\Anaconda3\envs\find_a_good_job\Lib\site-packages\redis\_parsers\hiredis.py", line 111, in read_from_socket
    bufflen = self._sock.recv_into(self._buffer)
              ^^^^^^^^^^^^^^^^^^^^^^^^^^^^^^^^^^
TimeoutError: timed out

During handling of the above exception, another exception occurred:

Traceback (most recent call last):
  File "D:\Anaconda3\envs\find_a_good_job\Lib\site-packages\redis\connection.py", line 1342, in read_response
    response = self._parser.read_response(disable_decoding=disable_decoding)
               ^^^^^^^^^^^^^^^^^^^^^^^^^^^^^^^^^^^^^^^^^^^^^^^^^^^^^^^^^^^^^
  File "D:\Anaconda3\envs\find_a_good_job\Lib\site-packages\redis\_parsers\hiredis.py", line 164, in read_response
    self.read_from_socket()
  File "D:\Anaconda3\envs\find_a_good_job\Lib\site-packages\redis\_parsers\hiredis.py", line 120, in read_from_socket
    raise TimeoutError("Timeout reading from socket")
TimeoutError: Timeout reading from socket

During handling of the above exception, another exception occurred:

Traceback (most recent call last):
  File "D:\PythonProject\find_a_good_job\backend\utils\resume_task_queue.py", line 94, in _pop_task
    item = client.brpop(_QUEUE_KEY, timeout=1)
           ^^^^^^^^^^^^^^^^^^^^^^^^^^^^^^^^^^^
  File "D:\Anaconda3\envs\find_a_good_job\Lib\site-packages\redis\commands\core.py", line 2942, in brpop
    return self.execute_command("BRPOP", *keys)
           ^^^^^^^^^^^^^^^^^^^^^^^^^^^^^^^^^^^^
  File "D:\Anaconda3\envs\find_a_good_job\Lib\site-packages\redis\client.py", line 716, in execute_command
    return self._execute_command(*args, **options)
           ^^^^^^^^^^^^^^^^^^^^^^^^^^^^^^^^^^^^^^^
  File "D:\Anaconda3\envs\find_a_good_job\Lib\site-packages\redis\client.py", line 722, in _execute_command
    conn = self.connection or pool.get_connection()
                              ^^^^^^^^^^^^^^^^^^^^^
  File "D:\Anaconda3\envs\find_a_good_job\Lib\site-packages\redis\utils.py", line 236, in wrapper
    return func(*args, **kwargs)
           ^^^^^^^^^^^^^^^^^^^^^
  File "D:\Anaconda3\envs\find_a_good_job\Lib\site-packages\redis\connection.py", line 3041, in get_connection
    connection.connect()
  File "D:\Anaconda3\envs\find_a_good_job\Lib\site-packages\redis\connection.py", line 976, in connect
    self.retry.call_with_retry(
  File "D:\Anaconda3\envs\find_a_good_job\Lib\site-packages\redis\retry.py", line 132, in call_with_retry
    raise error
  File "D:\Anaconda3\envs\find_a_good_job\Lib\site-packages\redis\retry.py", line 120, in call_with_retry
    return do()
           ^^^^
  File "D:\Anaconda3\envs\find_a_good_job\Lib\site-packages\redis\connection.py", line 977, in <lambda>
    lambda: self.connect_check_health(
            ^^^^^^^^^^^^^^^^^^^^^^^^^^
  File "D:\Anaconda3\envs\find_a_good_job\Lib\site-packages\redis\connection.py", line 1031, in connect_check_health
    self.on_connect_check_health(check_health=check_health)
  File "D:\Anaconda3\envs\find_a_good_job\Lib\site-packages\redis\connection.py", line 1156, in on_connect_check_health
    self.read_response()
  File "D:\Anaconda3\envs\find_a_good_job\Lib\site-packages\redis\connection.py", line 1346, in read_response
    raise TimeoutError(f"Timeout reading from {host_error}")
redis.exceptions.TimeoutError: Timeout reading from localhost:6379
2026-04-04 16:01:45,024 | WARNING | JobAgent.resume_task_queue | resume worker redis consume failed, fallback to local queue
Traceback (most recent call last):
  File "D:\Anaconda3\envs\find_a_good_job\Lib\site-packages\redis\_parsers\hiredis.py", line 111, in read_from_socket
    bufflen = self._sock.recv_into(self._buffer)
              ^^^^^^^^^^^^^^^^^^^^^^^^^^^^^^^^^^
TimeoutError: timed out

During handling of the above exception, another exception occurred:

Traceback (most recent call last):
  File "D:\Anaconda3\envs\find_a_good_job\Lib\site-packages\redis\connection.py", line 1342, in read_response
    response = self._parser.read_response(disable_decoding=disable_decoding)
               ^^^^^^^^^^^^^^^^^^^^^^^^^^^^^^^^^^^^^^^^^^^^^^^^^^^^^^^^^^^^^
  File "D:\Anaconda3\envs\find_a_good_job\Lib\site-packages\redis\_parsers\hiredis.py", line 164, in read_response
    self.read_from_socket()
  File "D:\Anaconda3\envs\find_a_good_job\Lib\site-packages\redis\_parsers\hiredis.py", line 120, in read_from_socket
    raise TimeoutError("Timeout reading from socket")
TimeoutError: Timeout reading from socket

During handling of the above exception, another exception occurred:

Traceback (most recent call last):
  File "D:\PythonProject\find_a_good_job\backend\utils\resume_task_queue.py", line 94, in _pop_task
    item = client.brpop(_QUEUE_KEY, timeout=1)
           ^^^^^^^^^^^^^^^^^^^^^^^^^^^^^^^^^^^
  File "D:\Anaconda3\envs\find_a_good_job\Lib\site-packages\redis\commands\core.py", line 2942, in brpop
    return self.execute_command("BRPOP", *keys)
           ^^^^^^^^^^^^^^^^^^^^^^^^^^^^^^^^^^^^
  File "D:\Anaconda3\envs\find_a_good_job\Lib\site-packages\redis\client.py", line 716, in execute_command
    return self._execute_command(*args, **options)
           ^^^^^^^^^^^^^^^^^^^^^^^^^^^^^^^^^^^^^^^
  File "D:\Anaconda3\envs\find_a_good_job\Lib\site-packages\redis\client.py", line 722, in _execute_command
    conn = self.connection or pool.get_connection()
                              ^^^^^^^^^^^^^^^^^^^^^
  File "D:\Anaconda3\envs\find_a_good_job\Lib\site-packages\redis\utils.py", line 236, in wrapper
    return func(*args, **kwargs)
           ^^^^^^^^^^^^^^^^^^^^^
  File "D:\Anaconda3\envs\find_a_good_job\Lib\site-packages\redis\connection.py", line 3041, in get_connection
    connection.connect()
  File "D:\Anaconda3\envs\find_a_good_job\Lib\site-packages\redis\connection.py", line 976, in connect
    self.retry.call_with_retry(
  File "D:\Anaconda3\envs\find_a_good_job\Lib\site-packages\redis\retry.py", line 132, in call_with_retry
    raise error
  File "D:\Anaconda3\envs\find_a_good_job\Lib\site-packages\redis\retry.py", line 120, in call_with_retry
    return do()
           ^^^^
  File "D:\Anaconda3\envs\find_a_good_job\Lib\site-packages\redis\connection.py", line 977, in <lambda>
    lambda: self.connect_check_health(
            ^^^^^^^^^^^^^^^^^^^^^^^^^^
  File "D:\Anaconda3\envs\find_a_good_job\Lib\site-packages\redis\connection.py", line 1031, in connect_check_health
    self.on_connect_check_health(check_health=check_health)
  File "D:\Anaconda3\envs\find_a_good_job\Lib\site-packages\redis\connection.py", line 1156, in on_connect_check_health
    self.read_response()
  File "D:\Anaconda3\envs\find_a_good_job\Lib\site-packages\redis\connection.py", line 1346, in read_response
    raise TimeoutError(f"Timeout reading from {host_error}")
redis.exceptions.TimeoutError: Timeout reading from localhost:6379
2026-04-04 16:01:47,449 | WARNING | JobAgent.resume_task_queue | resume worker redis consume failed, fallback to local queue
Traceback (most recent call last):
  File "D:\Anaconda3\envs\find_a_good_job\Lib\site-packages\redis\_parsers\hiredis.py", line 111, in read_from_socket
    bufflen = self._sock.recv_into(self._buffer)
              ^^^^^^^^^^^^^^^^^^^^^^^^^^^^^^^^^^
TimeoutError: timed out

During handling of the above exception, another exception occurred:

Traceback (most recent call last):
  File "D:\Anaconda3\envs\find_a_good_job\Lib\site-packages\redis\connection.py", line 1342, in read_response
    response = self._parser.read_response(disable_decoding=disable_decoding)
               ^^^^^^^^^^^^^^^^^^^^^^^^^^^^^^^^^^^^^^^^^^^^^^^^^^^^^^^^^^^^^
  File "D:\Anaconda3\envs\find_a_good_job\Lib\site-packages\redis\_parsers\hiredis.py", line 164, in read_response
    self.read_from_socket()
  File "D:\Anaconda3\envs\find_a_good_job\Lib\site-packages\redis\_parsers\hiredis.py", line 120, in read_from_socket
    raise TimeoutError("Timeout reading from socket")
TimeoutError: Timeout reading from socket

During handling of the above exception, another exception occurred:

Traceback (most recent call last):
  File "D:\PythonProject\find_a_good_job\backend\utils\resume_task_queue.py", line 94, in _pop_task
    item = client.brpop(_QUEUE_KEY, timeout=1)
           ^^^^^^^^^^^^^^^^^^^^^^^^^^^^^^^^^^^
  File "D:\Anaconda3\envs\find_a_good_job\Lib\site-packages\redis\commands\core.py", line 2942, in brpop
    return self.execute_command("BRPOP", *keys)
           ^^^^^^^^^^^^^^^^^^^^^^^^^^^^^^^^^^^^
  File "D:\Anaconda3\envs\find_a_good_job\Lib\site-packages\redis\client.py", line 716, in execute_command
    return self._execute_command(*args, **options)
           ^^^^^^^^^^^^^^^^^^^^^^^^^^^^^^^^^^^^^^^
  File "D:\Anaconda3\envs\find_a_good_job\Lib\site-packages\redis\client.py", line 722, in _execute_command
    conn = self.connection or pool.get_connection()
                              ^^^^^^^^^^^^^^^^^^^^^
  File "D:\Anaconda3\envs\find_a_good_job\Lib\site-packages\redis\utils.py", line 236, in wrapper
    return func(*args, **kwargs)
           ^^^^^^^^^^^^^^^^^^^^^
  File "D:\Anaconda3\envs\find_a_good_job\Lib\site-packages\redis\connection.py", line 3041, in get_connection
    connection.connect()
  File "D:\Anaconda3\envs\find_a_good_job\Lib\site-packages\redis\connection.py", line 976, in connect
    self.retry.call_with_retry(
  File "D:\Anaconda3\envs\find_a_good_job\Lib\site-packages\redis\retry.py", line 132, in call_with_retry
    raise error
  File "D:\Anaconda3\envs\find_a_good_job\Lib\site-packages\redis\retry.py", line 120, in call_with_retry
    return do()
           ^^^^
  File "D:\Anaconda3\envs\find_a_good_job\Lib\site-packages\redis\connection.py", line 977, in <lambda>
    lambda: self.connect_check_health(
            ^^^^^^^^^^^^^^^^^^^^^^^^^^
  File "D:\Anaconda3\envs\find_a_good_job\Lib\site-packages\redis\connection.py", line 1031, in connect_check_health
    self.on_connect_check_health(check_health=check_health)
  File "D:\Anaconda3\envs\find_a_good_job\Lib\site-packages\redis\connection.py", line 1156, in on_connect_check_health
    self.read_response()
  File "D:\Anaconda3\envs\find_a_good_job\Lib\site-packages\redis\connection.py", line 1346, in read_response
    raise TimeoutError(f"Timeout reading from {host_error}")
redis.exceptions.TimeoutError: Timeout reading from localhost:6379
2026-04-04 16:01:49,876 | WARNING | JobAgent.resume_task_queue | resume worker redis consume failed, fallback to local queue
Traceback (most recent call last):
  File "D:\Anaconda3\envs\find_a_good_job\Lib\site-packages\redis\_parsers\hiredis.py", line 111, in read_from_socket
    bufflen = self._sock.recv_into(self._buffer)
              ^^^^^^^^^^^^^^^^^^^^^^^^^^^^^^^^^^
TimeoutError: timed out

During handling of the above exception, another exception occurred:

Traceback (most recent call last):
  File "D:\Anaconda3\envs\find_a_good_job\Lib\site-packages\redis\connection.py", line 1342, in read_response
    response = self._parser.read_response(disable_decoding=disable_decoding)
               ^^^^^^^^^^^^^^^^^^^^^^^^^^^^^^^^^^^^^^^^^^^^^^^^^^^^^^^^^^^^^
  File "D:\Anaconda3\envs\find_a_good_job\Lib\site-packages\redis\_parsers\hiredis.py", line 164, in read_response
    self.read_from_socket()
  File "D:\Anaconda3\envs\find_a_good_job\Lib\site-packages\redis\_parsers\hiredis.py", line 120, in read_from_socket
    raise TimeoutError("Timeout reading from socket")
TimeoutError: Timeout reading from socket

During handling of the above exception, another exception occurred:

Traceback (most recent call last):
  File "D:\PythonProject\find_a_good_job\backend\utils\resume_task_queue.py", line 94, in _pop_task
    item = client.brpop(_QUEUE_KEY, timeout=1)
           ^^^^^^^^^^^^^^^^^^^^^^^^^^^^^^^^^^^
  File "D:\Anaconda3\envs\find_a_good_job\Lib\site-packages\redis\commands\core.py", line 2942, in brpop
    return self.execute_command("BRPOP", *keys)
           ^^^^^^^^^^^^^^^^^^^^^^^^^^^^^^^^^^^^
  File "D:\Anaconda3\envs\find_a_good_job\Lib\site-packages\redis\client.py", line 716, in execute_command
    return self._execute_command(*args, **options)
           ^^^^^^^^^^^^^^^^^^^^^^^^^^^^^^^^^^^^^^^
  File "D:\Anaconda3\envs\find_a_good_job\Lib\site-packages\redis\client.py", line 722, in _execute_command
    conn = self.connection or pool.get_connection()
                              ^^^^^^^^^^^^^^^^^^^^^
  File "D:\Anaconda3\envs\find_a_good_job\Lib\site-packages\redis\utils.py", line 236, in wrapper
    return func(*args, **kwargs)
           ^^^^^^^^^^^^^^^^^^^^^
  File "D:\Anaconda3\envs\find_a_good_job\Lib\site-packages\redis\connection.py", line 3041, in get_connection
    connection.connect()
  File "D:\Anaconda3\envs\find_a_good_job\Lib\site-packages\redis\connection.py", line 976, in connect
    self.retry.call_with_retry(
  File "D:\Anaconda3\envs\find_a_good_job\Lib\site-packages\redis\retry.py", line 132, in call_with_retry
    raise error
  File "D:\Anaconda3\envs\find_a_good_job\Lib\site-packages\redis\retry.py", line 120, in call_with_retry
    return do()
           ^^^^
  File "D:\Anaconda3\envs\find_a_good_job\Lib\site-packages\redis\connection.py", line 977, in <lambda>
    lambda: self.connect_check_health(
            ^^^^^^^^^^^^^^^^^^^^^^^^^^
  File "D:\Anaconda3\envs\find_a_good_job\Lib\site-packages\redis\connection.py", line 1031, in connect_check_health
    self.on_connect_check_health(check_health=check_health)
  File "D:\Anaconda3\envs\find_a_good_job\Lib\site-packages\redis\connection.py", line 1156, in on_connect_check_health
    self.read_response()
  File "D:\Anaconda3\envs\find_a_good_job\Lib\site-packages\redis\connection.py", line 1346, in read_response
    raise TimeoutError(f"Timeout reading from {host_error}")
redis.exceptions.TimeoutError: Timeout reading from localhost:6379
2026-04-04 16:01:52,310 | WARNING | JobAgent.resume_task_queue | resume worker redis consume failed, fallback to local queue
Traceback (most recent call last):
  File "D:\Anaconda3\envs\find_a_good_job\Lib\site-packages\redis\_parsers\hiredis.py", line 111, in read_from_socket
    bufflen = self._sock.recv_into(self._buffer)
              ^^^^^^^^^^^^^^^^^^^^^^^^^^^^^^^^^^
TimeoutError: timed out

During handling of the above exception, another exception occurred:

Traceback (most recent call last):
  File "D:\Anaconda3\envs\find_a_good_job\Lib\site-packages\redis\connection.py", line 1342, in read_response
    response = self._parser.read_response(disable_decoding=disable_decoding)
               ^^^^^^^^^^^^^^^^^^^^^^^^^^^^^^^^^^^^^^^^^^^^^^^^^^^^^^^^^^^^^
  File "D:\Anaconda3\envs\find_a_good_job\Lib\site-packages\redis\_parsers\hiredis.py", line 164, in read_response
    self.read_from_socket()
  File "D:\Anaconda3\envs\find_a_good_job\Lib\site-packages\redis\_parsers\hiredis.py", line 120, in read_from_socket
    raise TimeoutError("Timeout reading from socket")
TimeoutError: Timeout reading from socket

During handling of the above exception, another exception occurred:

Traceback (most recent call last):
  File "D:\PythonProject\find_a_good_job\backend\utils\resume_task_queue.py", line 94, in _pop_task
    item = client.brpop(_QUEUE_KEY, timeout=1)
           ^^^^^^^^^^^^^^^^^^^^^^^^^^^^^^^^^^^
  File "D:\Anaconda3\envs\find_a_good_job\Lib\site-packages\redis\commands\core.py", line 2942, in brpop
    return self.execute_command("BRPOP", *keys)
           ^^^^^^^^^^^^^^^^^^^^^^^^^^^^^^^^^^^^
  File "D:\Anaconda3\envs\find_a_good_job\Lib\site-packages\redis\client.py", line 716, in execute_command
    return self._execute_command(*args, **options)
           ^^^^^^^^^^^^^^^^^^^^^^^^^^^^^^^^^^^^^^^
  File "D:\Anaconda3\envs\find_a_good_job\Lib\site-packages\redis\client.py", line 722, in _execute_command
    conn = self.connection or pool.get_connection()
                              ^^^^^^^^^^^^^^^^^^^^^
  File "D:\Anaconda3\envs\find_a_good_job\Lib\site-packages\redis\utils.py", line 236, in wrapper
    return func(*args, **kwargs)
           ^^^^^^^^^^^^^^^^^^^^^
  File "D:\Anaconda3\envs\find_a_good_job\Lib\site-packages\redis\connection.py", line 3041, in get_connection
    connection.connect()
  File "D:\Anaconda3\envs\find_a_good_job\Lib\site-packages\redis\connection.py", line 976, in connect
    self.retry.call_with_retry(
  File "D:\Anaconda3\envs\find_a_good_job\Lib\site-packages\redis\retry.py", line 132, in call_with_retry
    raise error
  File "D:\Anaconda3\envs\find_a_good_job\Lib\site-packages\redis\retry.py", line 120, in call_with_retry
    return do()
           ^^^^
  File "D:\Anaconda3\envs\find_a_good_job\Lib\site-packages\redis\connection.py", line 977, in <lambda>
    lambda: self.connect_check_health(
            ^^^^^^^^^^^^^^^^^^^^^^^^^^
  File "D:\Anaconda3\envs\find_a_good_job\Lib\site-packages\redis\connection.py", line 1031, in connect_check_health
    self.on_connect_check_health(check_health=check_health)
  File "D:\Anaconda3\envs\find_a_good_job\Lib\site-packages\redis\connection.py", line 1156, in on_connect_check_health
    self.read_response()
  File "D:\Anaconda3\envs\find_a_good_job\Lib\site-packages\redis\connection.py", line 1346, in read_response
    raise TimeoutError(f"Timeout reading from {host_error}")
redis.exceptions.TimeoutError: Timeout reading from localhost:6379
2026-04-04 19:01:41,468 | WARNING | JobAgent.resume_task_queue | resume worker redis consume failed, fallback to local queue
Traceback (most recent call last):
  File "D:\Anaconda3\envs\find_a_good_job\Lib\site-packages\redis\_parsers\hiredis.py", line 111, in read_from_socket
    bufflen = self._sock.recv_into(self._buffer)
              ^^^^^^^^^^^^^^^^^^^^^^^^^^^^^^^^^^
TimeoutError: timed out

During handling of the above exception, another exception occurred:

Traceback (most recent call last):
  File "D:\Anaconda3\envs\find_a_good_job\Lib\site-packages\redis\connection.py", line 1342, in read_response
    response = self._parser.read_response(disable_decoding=disable_decoding)
               ^^^^^^^^^^^^^^^^^^^^^^^^^^^^^^^^^^^^^^^^^^^^^^^^^^^^^^^^^^^^^
  File "D:\Anaconda3\envs\find_a_good_job\Lib\site-packages\redis\_parsers\hiredis.py", line 164, in read_response
    self.read_from_socket()
  File "D:\Anaconda3\envs\find_a_good_job\Lib\site-packages\redis\_parsers\hiredis.py", line 120, in read_from_socket
    raise TimeoutError("Timeout reading from socket")
TimeoutError: Timeout reading from socket

During handling of the above exception, another exception occurred:

Traceback (most recent call last):
  File "D:\PythonProject\find_a_good_job\backend\utils\resume_task_queue.py", line 94, in _pop_task
    item = client.brpop(_QUEUE_KEY, timeout=1)
           ^^^^^^^^^^^^^^^^^^^^^^^^^^^^^^^^^^^
  File "D:\Anaconda3\envs\find_a_good_job\Lib\site-packages\redis\commands\core.py", line 2942, in brpop
    return self.execute_command("BRPOP", *keys)
           ^^^^^^^^^^^^^^^^^^^^^^^^^^^^^^^^^^^^
  File "D:\Anaconda3\envs\find_a_good_job\Lib\site-packages\redis\client.py", line 716, in execute_command
    return self._execute_command(*args, **options)
           ^^^^^^^^^^^^^^^^^^^^^^^^^^^^^^^^^^^^^^^
  File "D:\Anaconda3\envs\find_a_good_job\Lib\site-packages\redis\client.py", line 722, in _execute_command
    conn = self.connection or pool.get_connection()
                              ^^^^^^^^^^^^^^^^^^^^^
  File "D:\Anaconda3\envs\find_a_good_job\Lib\site-packages\redis\utils.py", line 236, in wrapper
    return func(*args, **kwargs)
           ^^^^^^^^^^^^^^^^^^^^^
  File "D:\Anaconda3\envs\find_a_good_job\Lib\site-packages\redis\connection.py", line 3041, in get_connection
    connection.connect()
  File "D:\Anaconda3\envs\find_a_good_job\Lib\site-packages\redis\connection.py", line 976, in connect
    self.retry.call_with_retry(
  File "D:\Anaconda3\envs\find_a_good_job\Lib\site-packages\redis\retry.py", line 132, in call_with_retry
    raise error
  File "D:\Anaconda3\envs\find_a_good_job\Lib\site-packages\redis\retry.py", line 120, in call_with_retry
    return do()
           ^^^^
  File "D:\Anaconda3\envs\find_a_good_job\Lib\site-packages\redis\connection.py", line 977, in <lambda>
    lambda: self.connect_check_health(
            ^^^^^^^^^^^^^^^^^^^^^^^^^^
  File "D:\Anaconda3\envs\find_a_good_job\Lib\site-packages\redis\connection.py", line 1031, in connect_check_health
    self.on_connect_check_health(check_health=check_health)
  File "D:\Anaconda3\envs\find_a_good_job\Lib\site-packages\redis\connection.py", line 1156, in on_connect_check_health
    self.read_response()
  File "D:\Anaconda3\envs\find_a_good_job\Lib\site-packages\redis\connection.py", line 1346, in read_response
    raise TimeoutError(f"Timeout reading from {host_error}")
redis.exceptions.TimeoutError: Timeout reading from localhost:6379
2026-04-04 19:01:43,894 | WARNING | JobAgent.resume_task_queue | resume worker redis consume failed, fallback to local queue
Traceback (most recent call last):
  File "D:\Anaconda3\envs\find_a_good_job\Lib\site-packages\redis\_parsers\hiredis.py", line 111, in read_from_socket
    bufflen = self._sock.recv_into(self._buffer)
              ^^^^^^^^^^^^^^^^^^^^^^^^^^^^^^^^^^
TimeoutError: timed out

During handling of the above exception, another exception occurred:

Traceback (most recent call last):
  File "D:\Anaconda3\envs\find_a_good_job\Lib\site-packages\redis\connection.py", line 1342, in read_response
    response = self._parser.read_response(disable_decoding=disable_decoding)
               ^^^^^^^^^^^^^^^^^^^^^^^^^^^^^^^^^^^^^^^^^^^^^^^^^^^^^^^^^^^^^
  File "D:\Anaconda3\envs\find_a_good_job\Lib\site-packages\redis\_parsers\hiredis.py", line 164, in read_response
    self.read_from_socket()
  File "D:\Anaconda3\envs\find_a_good_job\Lib\site-packages\redis\_parsers\hiredis.py", line 120, in read_from_socket
    raise TimeoutError("Timeout reading from socket")
TimeoutError: Timeout reading from socket

During handling of the above exception, another exception occurred:

Traceback (most recent call last):
  File "D:\PythonProject\find_a_good_job\backend\utils\resume_task_queue.py", line 94, in _pop_task
    item = client.brpop(_QUEUE_KEY, timeout=1)
           ^^^^^^^^^^^^^^^^^^^^^^^^^^^^^^^^^^^
  File "D:\Anaconda3\envs\find_a_good_job\Lib\site-packages\redis\commands\core.py", line 2942, in brpop
    return self.execute_command("BRPOP", *keys)
           ^^^^^^^^^^^^^^^^^^^^^^^^^^^^^^^^^^^^
  File "D:\Anaconda3\envs\find_a_good_job\Lib\site-packages\redis\client.py", line 716, in execute_command
    return self._execute_command(*args, **options)
           ^^^^^^^^^^^^^^^^^^^^^^^^^^^^^^^^^^^^^^^
  File "D:\Anaconda3\envs\find_a_good_job\Lib\site-packages\redis\client.py", line 722, in _execute_command
    conn = self.connection or pool.get_connection()
                              ^^^^^^^^^^^^^^^^^^^^^
  File "D:\Anaconda3\envs\find_a_good_job\Lib\site-packages\redis\utils.py", line 236, in wrapper
    return func(*args, **kwargs)
           ^^^^^^^^^^^^^^^^^^^^^
  File "D:\Anaconda3\envs\find_a_good_job\Lib\site-packages\redis\connection.py", line 3041, in get_connection
    connection.connect()
  File "D:\Anaconda3\envs\find_a_good_job\Lib\site-packages\redis\connection.py", line 976, in connect
    self.retry.call_with_retry(
  File "D:\Anaconda3\envs\find_a_good_job\Lib\site-packages\redis\retry.py", line 132, in call_with_retry
    raise error
  File "D:\Anaconda3\envs\find_a_good_job\Lib\site-packages\redis\retry.py", line 120, in call_with_retry
    return do()
           ^^^^
  File "D:\Anaconda3\envs\find_a_good_job\Lib\site-packages\redis\connection.py", line 977, in <lambda>
    lambda: self.connect_check_health(
            ^^^^^^^^^^^^^^^^^^^^^^^^^^
  File "D:\Anaconda3\envs\find_a_good_job\Lib\site-packages\redis\connection.py", line 1031, in connect_check_health
    self.on_connect_check_health(check_health=check_health)
  File "D:\Anaconda3\envs\find_a_good_job\Lib\site-packages\redis\connection.py", line 1156, in on_connect_check_health
    self.read_response()
  File "D:\Anaconda3\envs\find_a_good_job\Lib\site-packages\redis\connection.py", line 1346, in read_response
    raise TimeoutError(f"Timeout reading from {host_error}")
redis.exceptions.TimeoutError: Timeout reading from localhost:6379
2026-04-04 19:01:46,318 | WARNING | JobAgent.resume_task_queue | resume worker redis consume failed, fallback to local queue
Traceback (most recent call last):
  File "D:\Anaconda3\envs\find_a_good_job\Lib\site-packages\redis\_parsers\hiredis.py", line 111, in read_from_socket
    bufflen = self._sock.recv_into(self._buffer)
              ^^^^^^^^^^^^^^^^^^^^^^^^^^^^^^^^^^
TimeoutError: timed out

During handling of the above exception, another exception occurred:

Traceback (most recent call last):
  File "D:\Anaconda3\envs\find_a_good_job\Lib\site-packages\redis\connection.py", line 1342, in read_response
    response = self._parser.read_response(disable_decoding=disable_decoding)
               ^^^^^^^^^^^^^^^^^^^^^^^^^^^^^^^^^^^^^^^^^^^^^^^^^^^^^^^^^^^^^
  File "D:\Anaconda3\envs\find_a_good_job\Lib\site-packages\redis\_parsers\hiredis.py", line 164, in read_response
    self.read_from_socket()
  File "D:\Anaconda3\envs\find_a_good_job\Lib\site-packages\redis\_parsers\hiredis.py", line 120, in read_from_socket
    raise TimeoutError("Timeout reading from socket")
TimeoutError: Timeout reading from socket

During handling of the above exception, another exception occurred:

Traceback (most recent call last):
  File "D:\PythonProject\find_a_good_job\backend\utils\resume_task_queue.py", line 94, in _pop_task
    item = client.brpop(_QUEUE_KEY, timeout=1)
           ^^^^^^^^^^^^^^^^^^^^^^^^^^^^^^^^^^^
  File "D:\Anaconda3\envs\find_a_good_job\Lib\site-packages\redis\commands\core.py", line 2942, in brpop
    return self.execute_command("BRPOP", *keys)
           ^^^^^^^^^^^^^^^^^^^^^^^^^^^^^^^^^^^^
  File "D:\Anaconda3\envs\find_a_good_job\Lib\site-packages\redis\client.py", line 716, in execute_command
    return self._execute_command(*args, **options)
           ^^^^^^^^^^^^^^^^^^^^^^^^^^^^^^^^^^^^^^^
  File "D:\Anaconda3\envs\find_a_good_job\Lib\site-packages\redis\client.py", line 722, in _execute_command
    conn = self.connection or pool.get_connection()
                              ^^^^^^^^^^^^^^^^^^^^^
  File "D:\Anaconda3\envs\find_a_good_job\Lib\site-packages\redis\utils.py", line 236, in wrapper
    return func(*args, **kwargs)
           ^^^^^^^^^^^^^^^^^^^^^
  File "D:\Anaconda3\envs\find_a_good_job\Lib\site-packages\redis\connection.py", line 3041, in get_connection
    connection.connect()
  File "D:\Anaconda3\envs\find_a_good_job\Lib\site-packages\redis\connection.py", line 976, in connect
    self.retry.call_with_retry(
  File "D:\Anaconda3\envs\find_a_good_job\Lib\site-packages\redis\retry.py", line 132, in call_with_retry
    raise error
  File "D:\Anaconda3\envs\find_a_good_job\Lib\site-packages\redis\retry.py", line 120, in call_with_retry
    return do()
           ^^^^
  File "D:\Anaconda3\envs\find_a_good_job\Lib\site-packages\redis\connection.py", line 977, in <lambda>
    lambda: self.connect_check_health(
            ^^^^^^^^^^^^^^^^^^^^^^^^^^
  File "D:\Anaconda3\envs\find_a_good_job\Lib\site-packages\redis\connection.py", line 1031, in connect_check_health
    self.on_connect_check_health(check_health=check_health)
  File "D:\Anaconda3\envs\find_a_good_job\Lib\site-packages\redis\connection.py", line 1156, in on_connect_check_health
    self.read_response()
  File "D:\Anaconda3\envs\find_a_good_job\Lib\site-packages\redis\connection.py", line 1346, in read_response
    raise TimeoutError(f"Timeout reading from {host_error}")
redis.exceptions.TimeoutError: Timeout reading from localhost:6379
2026-04-04 20:38:11,737 | WARNING | JobAgent.resume_task_queue | resume worker redis consume failed, fallback to local queue
Traceback (most recent call last):
  File "D:\Anaconda3\envs\find_a_good_job\Lib\site-packages\redis\_parsers\hiredis.py", line 111, in read_from_socket
    bufflen = self._sock.recv_into(self._buffer)
              ^^^^^^^^^^^^^^^^^^^^^^^^^^^^^^^^^^
TimeoutError: timed out

During handling of the above exception, another exception occurred:

Traceback (most recent call last):
  File "D:\Anaconda3\envs\find_a_good_job\Lib\site-packages\redis\connection.py", line 1342, in read_response
    response = self._parser.read_response(disable_decoding=disable_decoding)
               ^^^^^^^^^^^^^^^^^^^^^^^^^^^^^^^^^^^^^^^^^^^^^^^^^^^^^^^^^^^^^
  File "D:\Anaconda3\envs\find_a_good_job\Lib\site-packages\redis\_parsers\hiredis.py", line 164, in read_response
    self.read_from_socket()
  File "D:\Anaconda3\envs\find_a_good_job\Lib\site-packages\redis\_parsers\hiredis.py", line 120, in read_from_socket
    raise TimeoutError("Timeout reading from socket")
TimeoutError: Timeout reading from socket

During handling of the above exception, another exception occurred:

Traceback (most recent call last):
  File "D:\PythonProject\find_a_good_job\backend\utils\resume_task_queue.py", line 94, in _pop_task
    item = client.brpop(_QUEUE_KEY, timeout=1)
           ^^^^^^^^^^^^^^^^^^^^^^^^^^^^^^^^^^^
  File "D:\Anaconda3\envs\find_a_good_job\Lib\site-packages\redis\commands\core.py", line 2942, in brpop
    return self.execute_command("BRPOP", *keys)
           ^^^^^^^^^^^^^^^^^^^^^^^^^^^^^^^^^^^^
  File "D:\Anaconda3\envs\find_a_good_job\Lib\site-packages\redis\client.py", line 716, in execute_command
    return self._execute_command(*args, **options)
           ^^^^^^^^^^^^^^^^^^^^^^^^^^^^^^^^^^^^^^^
  File "D:\Anaconda3\envs\find_a_good_job\Lib\site-packages\redis\client.py", line 736, in _execute_command
    result = conn.retry.call_with_retry(
             ^^^^^^^^^^^^^^^^^^^^^^^^^^^
  File "D:\Anaconda3\envs\find_a_good_job\Lib\site-packages\redis\retry.py", line 132, in call_with_retry
    raise error
  File "D:\Anaconda3\envs\find_a_good_job\Lib\site-packages\redis\retry.py", line 120, in call_with_retry
    return do()
           ^^^^
  File "D:\Anaconda3\envs\find_a_good_job\Lib\site-packages\redis\client.py", line 737, in <lambda>
    lambda: self._send_command_parse_response(
            ^^^^^^^^^^^^^^^^^^^^^^^^^^^^^^^^^^
  File "D:\Anaconda3\envs\find_a_good_job\Lib\site-packages\redis\client.py", line 682, in _send_command_parse_response
    return self.parse_response(conn, command_name, **options)
           ^^^^^^^^^^^^^^^^^^^^^^^^^^^^^^^^^^^^^^^^^^^^^^^^^^
  File "D:\Anaconda3\envs\find_a_good_job\Lib\site-packages\redis\client.py", line 780, in parse_response
    response = connection.read_response()
               ^^^^^^^^^^^^^^^^^^^^^^^^^^
  File "D:\Anaconda3\envs\find_a_good_job\Lib\site-packages\redis\connection.py", line 1346, in read_response
    raise TimeoutError(f"Timeout reading from {host_error}")
redis.exceptions.TimeoutError: Timeout reading from localhost:6379
2026-04-04 20:40:16,136 | WARNING | JobAgent.resume_task_queue | resume worker redis consume failed, fallback to local queue
Traceback (most recent call last):
  File "D:\Anaconda3\envs\find_a_good_job\Lib\site-packages\redis\_parsers\hiredis.py", line 111, in read_from_socket
    bufflen = self._sock.recv_into(self._buffer)
              ^^^^^^^^^^^^^^^^^^^^^^^^^^^^^^^^^^
TimeoutError: timed out

During handling of the above exception, another exception occurred:

Traceback (most recent call last):
  File "D:\Anaconda3\envs\find_a_good_job\Lib\site-packages\redis\connection.py", line 1342, in read_response
    response = self._parser.read_response(disable_decoding=disable_decoding)
               ^^^^^^^^^^^^^^^^^^^^^^^^^^^^^^^^^^^^^^^^^^^^^^^^^^^^^^^^^^^^^
  File "D:\Anaconda3\envs\find_a_good_job\Lib\site-packages\redis\_parsers\hiredis.py", line 164, in read_response
    self.read_from_socket()
  File "D:\Anaconda3\envs\find_a_good_job\Lib\site-packages\redis\_parsers\hiredis.py", line 120, in read_from_socket
    raise TimeoutError("Timeout reading from socket")
TimeoutError: Timeout reading from socket

During handling of the above exception, another exception occurred:

Traceback (most recent call last):
  File "D:\PythonProject\find_a_good_job\backend\utils\resume_task_queue.py", line 94, in _pop_task
    item = client.brpop(_QUEUE_KEY, timeout=1)
           ^^^^^^^^^^^^^^^^^^^^^^^^^^^^^^^^^^^
  File "D:\Anaconda3\envs\find_a_good_job\Lib\site-packages\redis\commands\core.py", line 2942, in brpop
    return self.execute_command("BRPOP", *keys)
           ^^^^^^^^^^^^^^^^^^^^^^^^^^^^^^^^^^^^
  File "D:\Anaconda3\envs\find_a_good_job\Lib\site-packages\redis\client.py", line 716, in execute_command
    return self._execute_command(*args, **options)
           ^^^^^^^^^^^^^^^^^^^^^^^^^^^^^^^^^^^^^^^
  File "D:\Anaconda3\envs\find_a_good_job\Lib\site-packages\redis\client.py", line 736, in _execute_command
    result = conn.retry.call_with_retry(
             ^^^^^^^^^^^^^^^^^^^^^^^^^^^
  File "D:\Anaconda3\envs\find_a_good_job\Lib\site-packages\redis\retry.py", line 132, in call_with_retry
    raise error
  File "D:\Anaconda3\envs\find_a_good_job\Lib\site-packages\redis\retry.py", line 120, in call_with_retry
    return do()
           ^^^^
  File "D:\Anaconda3\envs\find_a_good_job\Lib\site-packages\redis\client.py", line 737, in <lambda>
    lambda: self._send_command_parse_response(
            ^^^^^^^^^^^^^^^^^^^^^^^^^^^^^^^^^^
  File "D:\Anaconda3\envs\find_a_good_job\Lib\site-packages\redis\client.py", line 682, in _send_command_parse_response
    return self.parse_response(conn, command_name, **options)
           ^^^^^^^^^^^^^^^^^^^^^^^^^^^^^^^^^^^^^^^^^^^^^^^^^^
  File "D:\Anaconda3\envs\find_a_good_job\Lib\site-packages\redis\client.py", line 780, in parse_response
    response = connection.read_response()
               ^^^^^^^^^^^^^^^^^^^^^^^^^^
  File "D:\Anaconda3\envs\find_a_good_job\Lib\site-packages\redis\connection.py", line 1346, in read_response
    raise TimeoutError(f"Timeout reading from {host_error}")
redis.exceptions.TimeoutError: Timeout reading from localhost:6379
