2026-04-10 20:43:20,947 | INFO | JobAgent.database | ✅ 数据库连接池创建成功: boss_zhipin
2026-04-10 20:43:20,947 | INFO | JobAgent.database | loading embedding model: nomic-embed-text-v2-moe
2026-04-10 20:43:21,747 | INFO | JobAgent.database | embedding model loaded: nomic-embed-text-v2-moe
2026-04-10 20:43:21,782 | INFO | JobAgent.database | database schema and indexes ready
2026-04-10 20:43:26,476 | INFO | JobAgent.tools | loading reranker model from ./models/bge-reranker-v2-m3
2026-04-10 20:43:28,317 | INFO | JobAgent.tools | reranker model loaded
2026-04-10 20:43:30,670 | INFO | JobAgent.main | application starting
2026-04-10 20:43:30,672 | INFO | JobAgent.resume_task_queue | resume task worker started: consumer=resume_worker:9904:e72b3bef
2026-04-10 20:43:30,689 | INFO | JobAgent.redis_client | redis connected: redis://localhost:6379/0
2026-04-10 20:43:55,017 | WARNING | JobAgent.resume_task_queue | resume task retry scheduled: task_id=b71d0c103ff14ff08a1da1e9e76b3066 next_attempt=1/1 delay=15s
2026-04-10 20:43:55,021 | ERROR | JobAgent.resume_task_queue | resume task moved to DLQ: task_id=b71d0c103ff14ff08a1da1e9e76b3066 user=00004
2026-04-10 21:34:06,950 | WARNING | JobAgent.resume_task_queue | resume worker redis stream consume failed, fallback to local queue
Traceback (most recent call last):
  File "D:\Anaconda3\envs\find_a_good_job\Lib\site-packages\redis\_parsers\hiredis.py", line 111, in read_from_socket
    bufflen = self._sock.recv_into(self._buffer)
              ^^^^^^^^^^^^^^^^^^^^^^^^^^^^^^^^^^
TimeoutError: timed out

During handling of the above exception, another exception occurred:

Traceback (most recent call last):
  File "D:\Anaconda3\envs\find_a_good_job\Lib\site-packages\redis\connection.py", line 1342, in read_response
    response = self._parser.read_response(disable_decoding=disable_decoding)
               ^^^^^^^^^^^^^^^^^^^^^^^^^^^^^^^^^^^^^^^^^^^^^^^^^^^^^^^^^^^^^
  File "D:\Anaconda3\envs\find_a_good_job\Lib\site-packages\redis\_parsers\hiredis.py", line 164, in read_response
    self.read_from_socket()
  File "D:\Anaconda3\envs\find_a_good_job\Lib\site-packages\redis\_parsers\hiredis.py", line 120, in read_from_socket
    raise TimeoutError("Timeout reading from socket")
TimeoutError: Timeout reading from socket

During handling of the above exception, another exception occurred:

Traceback (most recent call last):
  File "D:\PythonProject\find_a_good_job\backend\utils\resume_task_queue.py", line 270, in _pop_task
    rows = client.xreadgroup(
           ^^^^^^^^^^^^^^^^^^
  File "D:\Anaconda3\envs\find_a_good_job\Lib\site-packages\redis\commands\core.py", line 4531, in xreadgroup
    response = self.execute_command("XREADGROUP", *pieces, **options)
               ^^^^^^^^^^^^^^^^^^^^^^^^^^^^^^^^^^^^^^^^^^^^^^^^^^^^^^
  File "D:\Anaconda3\envs\find_a_good_job\Lib\site-packages\redis\client.py", line 716, in execute_command
    return self._execute_command(*args, **options)
           ^^^^^^^^^^^^^^^^^^^^^^^^^^^^^^^^^^^^^^^
  File "D:\Anaconda3\envs\find_a_good_job\Lib\site-packages\redis\client.py", line 736, in _execute_command
    result = conn.retry.call_with_retry(
             ^^^^^^^^^^^^^^^^^^^^^^^^^^^
  File "D:\Anaconda3\envs\find_a_good_job\Lib\site-packages\redis\retry.py", line 132, in call_with_retry
    raise error
  File "D:\Anaconda3\envs\find_a_good_job\Lib\site-packages\redis\retry.py", line 120, in call_with_retry
    return do()
           ^^^^
  File "D:\Anaconda3\envs\find_a_good_job\Lib\site-packages\redis\client.py", line 737, in <lambda>
    lambda: self._send_command_parse_response(
            ^^^^^^^^^^^^^^^^^^^^^^^^^^^^^^^^^^
  File "D:\Anaconda3\envs\find_a_good_job\Lib\site-packages\redis\client.py", line 682, in _send_command_parse_response
    return self.parse_response(conn, command_name, **options)
           ^^^^^^^^^^^^^^^^^^^^^^^^^^^^^^^^^^^^^^^^^^^^^^^^^^
  File "D:\Anaconda3\envs\find_a_good_job\Lib\site-packages\redis\client.py", line 780, in parse_response
    response = connection.read_response()
               ^^^^^^^^^^^^^^^^^^^^^^^^^^
  File "D:\Anaconda3\envs\find_a_good_job\Lib\site-packages\redis\connection.py", line 1346, in read_response
    raise TimeoutError(f"Timeout reading from {host_error}")
redis.exceptions.TimeoutError: Timeout reading from localhost:6379
2026-04-10 21:43:49,399 | WARNING | JobAgent.resume_task_queue | resume worker redis stream consume failed, fallback to local queue
Traceback (most recent call last):
  File "D:\Anaconda3\envs\find_a_good_job\Lib\site-packages\redis\_parsers\hiredis.py", line 111, in read_from_socket
    bufflen = self._sock.recv_into(self._buffer)
              ^^^^^^^^^^^^^^^^^^^^^^^^^^^^^^^^^^
TimeoutError: timed out

During handling of the above exception, another exception occurred:

Traceback (most recent call last):
  File "D:\Anaconda3\envs\find_a_good_job\Lib\site-packages\redis\connection.py", line 1342, in read_response
    response = self._parser.read_response(disable_decoding=disable_decoding)
               ^^^^^^^^^^^^^^^^^^^^^^^^^^^^^^^^^^^^^^^^^^^^^^^^^^^^^^^^^^^^^
  File "D:\Anaconda3\envs\find_a_good_job\Lib\site-packages\redis\_parsers\hiredis.py", line 164, in read_response
    self.read_from_socket()
  File "D:\Anaconda3\envs\find_a_good_job\Lib\site-packages\redis\_parsers\hiredis.py", line 120, in read_from_socket
    raise TimeoutError("Timeout reading from socket")
TimeoutError: Timeout reading from socket

During handling of the above exception, another exception occurred:

Traceback (most recent call last):
  File "D:\PythonProject\find_a_good_job\backend\utils\resume_task_queue.py", line 270, in _pop_task
    rows = client.xreadgroup(
           ^^^^^^^^^^^^^^^^^^
  File "D:\Anaconda3\envs\find_a_good_job\Lib\site-packages\redis\commands\core.py", line 4531, in xreadgroup
    response = self.execute_command("XREADGROUP", *pieces, **options)
               ^^^^^^^^^^^^^^^^^^^^^^^^^^^^^^^^^^^^^^^^^^^^^^^^^^^^^^
  File "D:\Anaconda3\envs\find_a_good_job\Lib\site-packages\redis\client.py", line 716, in execute_command
    return self._execute_command(*args, **options)
           ^^^^^^^^^^^^^^^^^^^^^^^^^^^^^^^^^^^^^^^
  File "D:\Anaconda3\envs\find_a_good_job\Lib\site-packages\redis\client.py", line 736, in _execute_command
    result = conn.retry.call_with_retry(
             ^^^^^^^^^^^^^^^^^^^^^^^^^^^
  File "D:\Anaconda3\envs\find_a_good_job\Lib\site-packages\redis\retry.py", line 132, in call_with_retry
    raise error
  File "D:\Anaconda3\envs\find_a_good_job\Lib\site-packages\redis\retry.py", line 120, in call_with_retry
    return do()
           ^^^^
  File "D:\Anaconda3\envs\find_a_good_job\Lib\site-packages\redis\client.py", line 737, in <lambda>
    lambda: self._send_command_parse_response(
            ^^^^^^^^^^^^^^^^^^^^^^^^^^^^^^^^^^
  File "D:\Anaconda3\envs\find_a_good_job\Lib\site-packages\redis\client.py", line 682, in _send_command_parse_response
    return self.parse_response(conn, command_name, **options)
           ^^^^^^^^^^^^^^^^^^^^^^^^^^^^^^^^^^^^^^^^^^^^^^^^^^
  File "D:\Anaconda3\envs\find_a_good_job\Lib\site-packages\redis\client.py", line 780, in parse_response
    response = connection.read_response()
               ^^^^^^^^^^^^^^^^^^^^^^^^^^
  File "D:\Anaconda3\envs\find_a_good_job\Lib\site-packages\redis\connection.py", line 1346, in read_response
    raise TimeoutError(f"Timeout reading from {host_error}")
redis.exceptions.TimeoutError: Timeout reading from localhost:6379
2026-04-10 21:56:40,519 | WARNING | JobAgent.resume_task_queue | resume worker redis stream consume failed, fallback to local queue
Traceback (most recent call last):
  File "D:\Anaconda3\envs\find_a_good_job\Lib\site-packages\redis\_parsers\hiredis.py", line 111, in read_from_socket
    bufflen = self._sock.recv_into(self._buffer)
              ^^^^^^^^^^^^^^^^^^^^^^^^^^^^^^^^^^
TimeoutError: timed out

During handling of the above exception, another exception occurred:

Traceback (most recent call last):
  File "D:\Anaconda3\envs\find_a_good_job\Lib\site-packages\redis\connection.py", line 1342, in read_response
    response = self._parser.read_response(disable_decoding=disable_decoding)
               ^^^^^^^^^^^^^^^^^^^^^^^^^^^^^^^^^^^^^^^^^^^^^^^^^^^^^^^^^^^^^
  File "D:\Anaconda3\envs\find_a_good_job\Lib\site-packages\redis\_parsers\hiredis.py", line 164, in read_response
    self.read_from_socket()
  File "D:\Anaconda3\envs\find_a_good_job\Lib\site-packages\redis\_parsers\hiredis.py", line 120, in read_from_socket
    raise TimeoutError("Timeout reading from socket")
TimeoutError: Timeout reading from socket

During handling of the above exception, another exception occurred:

Traceback (most recent call last):
  File "D:\PythonProject\find_a_good_job\backend\utils\resume_task_queue.py", line 270, in _pop_task
    rows = client.xreadgroup(
           ^^^^^^^^^^^^^^^^^^
  File "D:\Anaconda3\envs\find_a_good_job\Lib\site-packages\redis\commands\core.py", line 4531, in xreadgroup
    response = self.execute_command("XREADGROUP", *pieces, **options)
               ^^^^^^^^^^^^^^^^^^^^^^^^^^^^^^^^^^^^^^^^^^^^^^^^^^^^^^
  File "D:\Anaconda3\envs\find_a_good_job\Lib\site-packages\redis\client.py", line 716, in execute_command
    return self._execute_command(*args, **options)
           ^^^^^^^^^^^^^^^^^^^^^^^^^^^^^^^^^^^^^^^
  File "D:\Anaconda3\envs\find_a_good_job\Lib\site-packages\redis\client.py", line 736, in _execute_command
    result = conn.retry.call_with_retry(
             ^^^^^^^^^^^^^^^^^^^^^^^^^^^
  File "D:\Anaconda3\envs\find_a_good_job\Lib\site-packages\redis\retry.py", line 132, in call_with_retry
    raise error
  File "D:\Anaconda3\envs\find_a_good_job\Lib\site-packages\redis\retry.py", line 120, in call_with_retry
    return do()
           ^^^^
  File "D:\Anaconda3\envs\find_a_good_job\Lib\site-packages\redis\client.py", line 737, in <lambda>
    lambda: self._send_command_parse_response(
            ^^^^^^^^^^^^^^^^^^^^^^^^^^^^^^^^^^
  File "D:\Anaconda3\envs\find_a_good_job\Lib\site-packages\redis\client.py", line 682, in _send_command_parse_response
    return self.parse_response(conn, command_name, **options)
           ^^^^^^^^^^^^^^^^^^^^^^^^^^^^^^^^^^^^^^^^^^^^^^^^^^
  File "D:\Anaconda3\envs\find_a_good_job\Lib\site-packages\redis\client.py", line 780, in parse_response
    response = connection.read_response()
               ^^^^^^^^^^^^^^^^^^^^^^^^^^
  File "D:\Anaconda3\envs\find_a_good_job\Lib\site-packages\redis\connection.py", line 1346, in read_response
    raise TimeoutError(f"Timeout reading from {host_error}")
redis.exceptions.TimeoutError: Timeout reading from localhost:6379
